  0 KSP resid norm 2.793108625211e+02
  1 KSP resid norm 2.742272841851e+02 normal eq resid norm 1.976054522961e+01 matrix norm 1.436464461053e+02
  2 KSP resid norm 2.738504533882e+02 normal eq resid norm 4.646156633290e+00 matrix norm 1.436464461053e+02
  3 KSP resid norm 2.738349104892e+02 normal eq resid norm 1.035459360188e+00 matrix norm 1.436464461053e+02
  4 KSP resid norm 2.738309503259e+02 normal eq resid norm 3.817389966125e-01 matrix norm 1.436464461053e+02
  5 KSP resid norm 2.738307308075e+02 normal eq resid norm 1.648439028875e-01 matrix norm 1.436464461053e+02
  6 KSP resid norm 2.738306915296e+02 normal eq resid norm 8.919038130605e-02 matrix norm 1.436464461053e+02
  7 KSP resid norm 2.738306794060e+02 normal eq resid norm 3.382620523282e-02 matrix norm 1.436464461053e+02
  8 KSP resid norm 2.738306777486e+02 normal eq resid norm 1.568395701599e-02 matrix norm 1.436464461053e+02
  9 KSP resid norm 2.738306773332e+02 normal eq resid norm 5.813677640951e-03 matrix norm 1.436464461053e+02
 10 KSP resid norm 2.738306772791e+02 normal eq resid norm 1.857410516622e-03 matrix norm 1.436464461053e+02
 11 KSP resid norm 2.738306772742e+02 normal eq resid norm 7.124683747595e-04 matrix norm 1.436464461053e+02
 12 KSP resid norm 2.738306772734e+02 normal eq resid norm 2.273524683667e-04 matrix norm 1.436464461053e+02
Linear solve converged due to CONVERGED_RTOL_NORMAL iterations 12
KSP Object: 4 MPI processes
  type: lsqr
    standard error not computed
    using exact matrix norm
  maximum iterations=1000, initial guess is zero
  tolerances:  relative=1e-08, absolute=1e-50, divergence=10000.
  left preconditioning
  using UNPRECONDITIONED norm type for convergence test
PC Object: 4 MPI processes
  type: asm
    total subdomain blocks = 4, amount of overlap = 1
    restriction/interpolation type - BASIC
    Local solver information for first block is in the following KSP and PC objects on rank 0:
    Use -ksp_view ::ascii_info_detail to display information for all blocks
  KSP Object: (sub_) 1 MPI process
    type: preonly
    maximum iterations=10000, initial guess is zero
    tolerances:  relative=1e-05, absolute=1e-50, divergence=10000.
    left preconditioning
    using NONE norm type for convergence test
  PC Object: (sub_) 1 MPI process
    type: cholesky
      out-of-place factorization
      tolerance for zero pivot 2.22045e-14
      matrix ordering: nd
      factor fill ratio given 5., needed 8.49166
        Factored matrix follows:
          Mat Object: (sub_) 1 MPI process
            type: seqsbaij
            rows=2631, cols=2631
            package used to perform factorization: petsc
            total: nonzeros=146651, allocated nonzeros=146651
                block size is 1
    linear system matrix = precond matrix:
    Mat Object: (sub_) 1 MPI process
      type: seqaij
      rows=2631, cols=2631
      total: nonzeros=31909, allocated nonzeros=31909
      total number of mallocs used during MatSetValues calls=0
        not using I-node routines
  linear system matrix followed by preconditioner matrix:
  Mat Object: 4 MPI processes
    type: mpiaij
    rows=234023, cols=9393
    total: nonzeros=853829, allocated nonzeros=853829
    total number of mallocs used during MatSetValues calls=0
      using I-node (on process 0) routines: found 14805 nodes, limit used is 5
  Mat Object: 4 MPI processes
    type: mpiaij
    rows=9393, cols=9393
    total: nonzeros=117117, allocated nonzeros=117117
    total number of mallocs used during MatSetValues calls=0
      not using I-node (on process 0) routines
||A^T(Ax-b)|| / ||Ax-b|| = 0.000120 / 273.830677 = 0.000000
WARNING! There are options you set that were not used!
WARNING! could be spelling mistake, etc!
There are 10 unused database options. They are:
Option left: name:-mg_coarse_pc_type value: redundant
Option left: name:-mg_coarse_redundant_pc_type value: cholesky
Option left: name:-mg_levels_pc_type value: sor
Option left: name:-pc_hpddm_coarse_pc_type value: cholesky
Option left: name:-pc_hpddm_define_subdomains (no value)
Option left: name:-pc_hpddm_levels_1_eps_nev value: 20
Option left: name:-pc_hpddm_levels_1_pc_asm_type value: basic
Option left: name:-pc_hpddm_levels_1_st_share_sub_ksp (no value)
Option left: name:-pc_hpddm_levels_1_sub_pc_type value: cholesky
Option left: name:-pc_hypre_boomeramg_print_statistics value: 1
