  0 KSP Residual norm 8.279698482740e+01 
  1 KSP Residual norm 9.959275786854e+00 
  2 KSP Residual norm 1.905298097210e+00 
  3 KSP Residual norm 1.157762777924e+00 
  4 KSP Residual norm 9.389559300239e-01 
  5 KSP Residual norm 4.379557035573e-01 
  6 KSP Residual norm 2.892921358955e-01 
  7 KSP Residual norm 2.341840367964e-01 
  8 KSP Residual norm 2.094661064568e-01 
  9 KSP Residual norm 1.807369369897e-01 
 10 KSP Residual norm 1.445680383719e-01 
 11 KSP Residual norm 9.411933391036e-02 
 12 KSP Residual norm 7.221183271989e-02 
 13 KSP Residual norm 4.829032193511e-02 
 14 KSP Residual norm 3.293962932126e-02 
 15 KSP Residual norm 2.268950329746e-02 
 16 KSP Residual norm 1.375161837737e-02 
 17 KSP Residual norm 8.786012355245e-03 
 18 KSP Residual norm 7.006498330050e-03 
 19 KSP Residual norm 5.375770029368e-03 
 20 KSP Residual norm 3.551136709473e-03 
 21 KSP Residual norm 2.299779209526e-03 
 22 KSP Residual norm 1.442461875887e-03 
 23 KSP Residual norm 8.921885905278e-04 
 24 KSP Residual norm 5.721597618216e-04 
 25 KSP Residual norm 4.267073429911e-04 
 26 KSP Residual norm 3.321085921872e-04 
 27 KSP Residual norm 2.383770433843e-04 
 28 KSP Residual norm 1.591840936379e-04 
 29 KSP Residual norm 1.200251457821e-04 
 30 KSP Residual norm 9.389303464048e-05 
 31 KSP Residual norm 7.715070881883e-05 
 32 KSP Residual norm 5.959674292822e-05 
 33 KSP Residual norm 4.498442148268e-05 
 34 KSP Residual norm 3.300295261801e-05 
 35 KSP Residual norm 2.552325290409e-05 
 36 KSP Residual norm 1.714780992935e-05 
 37 KSP Residual norm 1.049124056175e-05 
 38 KSP Residual norm 6.279462327830e-06 
 39 KSP Residual norm 4.271297862469e-06 
 40 KSP Residual norm 3.093043968776e-06 
 41 KSP Residual norm 2.264054063710e-06 
 42 KSP Residual norm 1.545632772242e-06 
 43 KSP Residual norm 1.063581237076e-06 
 44 KSP Residual norm 7.379081703831e-07 
Linear solve converged due to CONVERGED_RTOL iterations 44
KSP Object: 4 MPI processes
  type: gmres
    restart=100, using Classical (unmodified) Gram-Schmidt Orthogonalization with no iterative refinement
    happy breakdown tolerance 1e-30
  maximum iterations=1000, initial guess is zero
  tolerances:  relative=1e-08, absolute=1e-50, divergence=10000.
  right preconditioning
  using UNPRECONDITIONED norm type for convergence test
PC Object: 4 MPI processes
  type: gamg
    type is MULTIPLICATIVE, levels=4 cycles=v
      Cycles per PCApply=1
      Using externally compute Galerkin coarse grid matrices
      GAMG specific options
        Threshold for dropping small values in graph on each level =   0.   0.   0.   0.  
        Threshold scaling factor for each level not specified = 1.
        AGG specific options
          Symmetric graph false
          Number of levels to square graph 1
          Number smoothing steps 1
        Complexity:    grid = 1.07772
  Coarse grid solver -- level -------------------------------
    KSP Object: (mg_coarse_) 4 MPI processes
      type: preonly
      maximum iterations=10000, initial guess is zero
      tolerances:  relative=1e-05, absolute=1e-50, divergence=10000.
      left preconditioning
      using NONE norm type for convergence test
    PC Object: (mg_coarse_) 4 MPI processes
      type: redundant
        First (color=0) of 4 PCs follows
        KSP Object: (mg_coarse_redundant_) 1 MPI process
          type: preonly
          maximum iterations=10000, initial guess is zero
          tolerances:  relative=1e-05, absolute=1e-50, divergence=10000.
          left preconditioning
          using NONE norm type for convergence test
        PC Object: (mg_coarse_redundant_) 1 MPI process
          type: cholesky
            out-of-place factorization
            tolerance for zero pivot 2.22045e-14
            matrix ordering: nd
            factor fill ratio given 5., needed 1.
              Factored matrix follows:
                Mat Object: 1 MPI process
                  type: seqsbaij
                  rows=4, cols=4
                  package used to perform factorization: petsc
                  total: nonzeros=10, allocated nonzeros=10
                      block size is 1
          linear system matrix = precond matrix:
          Mat Object: 1 MPI process
            type: seqaij
            rows=4, cols=4
            total: nonzeros=16, allocated nonzeros=16
            total number of mallocs used during MatSetValues calls=0
              using I-node routines: found 1 nodes, limit used is 5
      linear system matrix = precond matrix:
      Mat Object: 4 MPI processes
        type: mpiaij
        rows=4, cols=4
        total: nonzeros=16, allocated nonzeros=16
        total number of mallocs used during MatSetValues calls=0
          using nonscalable MatPtAP() implementation
          using I-node (on process 0) routines: found 1 nodes, limit used is 5
  Down solver (pre-smoother) on level 1 -------------------------------
    KSP Object: (mg_levels_1_) 4 MPI processes
      type: chebyshev
        eigenvalue estimates used:  min = 0.0999885, max = 1.09987
        eigenvalues estimate via gmres min 0.908015, max 0.999885
        eigenvalues estimated using gmres with translations  [0. 0.1; 0. 1.1]
        KSP Object: (mg_levels_1_esteig_) 4 MPI processes
          type: gmres
            restart=30, using Classical (unmodified) Gram-Schmidt Orthogonalization with no iterative refinement
            happy breakdown tolerance 1e-30
          maximum iterations=10, initial guess is zero
          tolerances:  relative=1e-12, absolute=1e-50, divergence=10000.
          left preconditioning
          using PRECONDITIONED norm type for convergence test
        estimating eigenvalues using noisy right hand side
      maximum iterations=2, nonzero initial guess
      tolerances:  relative=1e-05, absolute=1e-50, divergence=10000.
      left preconditioning
      using NONE norm type for convergence test
    PC Object: (mg_levels_1_) 4 MPI processes
      type: sor
        type = local_symmetric, iterations = 1, local iterations = 1, omega = 1.
      linear system matrix = precond matrix:
      Mat Object: 4 MPI processes
        type: mpiaij
        rows=52, cols=52
        total: nonzeros=1298, allocated nonzeros=1298
        total number of mallocs used during MatSetValues calls=0
          not using I-node (on process 0) routines
  Up solver (post-smoother) same as down solver (pre-smoother)
  Down solver (pre-smoother) on level 2 -------------------------------
    KSP Object: (mg_levels_2_) 4 MPI processes
      type: chebyshev
        eigenvalue estimates used:  min = 0.1536, max = 1.6896
        eigenvalues estimate via gmres min 0.313507, max 1.536
        eigenvalues estimated using gmres with translations  [0. 0.1; 0. 1.1]
        KSP Object: (mg_levels_2_esteig_) 4 MPI processes
          type: gmres
            restart=30, using Classical (unmodified) Gram-Schmidt Orthogonalization with no iterative refinement
            happy breakdown tolerance 1e-30
          maximum iterations=10, initial guess is zero
          tolerances:  relative=1e-12, absolute=1e-50, divergence=10000.
          left preconditioning
          using PRECONDITIONED norm type for convergence test
        estimating eigenvalues using noisy right hand side
      maximum iterations=2, nonzero initial guess
      tolerances:  relative=1e-05, absolute=1e-50, divergence=10000.
      left preconditioning
      using NONE norm type for convergence test
    PC Object: (mg_levels_2_) 4 MPI processes
      type: sor
        type = local_symmetric, iterations = 1, local iterations = 1, omega = 1.
      linear system matrix = precond matrix:
      Mat Object: 4 MPI processes
        type: mpiaij
        rows=460, cols=460
        total: nonzeros=7788, allocated nonzeros=7788
        total number of mallocs used during MatSetValues calls=0
          using nonscalable MatPtAP() implementation
          not using I-node (on process 0) routines
  Up solver (post-smoother) same as down solver (pre-smoother)
  Down solver (pre-smoother) on level 3 -------------------------------
    KSP Object: (mg_levels_3_) 4 MPI processes
      type: chebyshev
        eigenvalue estimates used:  min = 0.189558, max = 2.08514
        eigenvalues estimate via gmres min 0.0307263, max 1.89558
        eigenvalues estimated using gmres with translations  [0. 0.1; 0. 1.1]
        KSP Object: (mg_levels_3_esteig_) 4 MPI processes
          type: gmres
            restart=30, using Classical (unmodified) Gram-Schmidt Orthogonalization with no iterative refinement
            happy breakdown tolerance 1e-30
          maximum iterations=10, initial guess is zero
          tolerances:  relative=1e-12, absolute=1e-50, divergence=10000.
          left preconditioning
          using PRECONDITIONED norm type for convergence test
        estimating eigenvalues using noisy right hand side
      maximum iterations=2, nonzero initial guess
      tolerances:  relative=1e-05, absolute=1e-50, divergence=10000.
      left preconditioning
      using NONE norm type for convergence test
    PC Object: (mg_levels_3_) 4 MPI processes
      type: sor
        type = local_symmetric, iterations = 1, local iterations = 1, omega = 1.
      linear system matrix = precond matrix:
      Mat Object: 4 MPI processes
        type: mpiaij
        rows=9393, cols=9393
        total: nonzeros=117117, allocated nonzeros=117117
        total number of mallocs used during MatSetValues calls=0
          not using I-node (on process 0) routines
  Up solver (post-smoother) same as down solver (pre-smoother)
  linear system matrix followed by preconditioner matrix:
  Mat Object: 4 MPI processes
    type: normal
    rows=9393, cols=9393
  Mat Object: 4 MPI processes
    type: mpiaij
    rows=9393, cols=9393
    total: nonzeros=117117, allocated nonzeros=117117
    total number of mallocs used during MatSetValues calls=0
      not using I-node (on process 0) routines
||A^T(Ax-b)|| / ||Ax-b|| = 7.379080641467501e-07 / 273.8306772733523 = 2.694760395345081e-09
WARNING! There are options you set that were not used!
WARNING! could be spelling mistake, etc!
There are 7 unused database options. They are:
Option left: name:-pc_hpddm_coarse_pc_type value: cholesky
Option left: name:-pc_hpddm_define_subdomains (no value)
Option left: name:-pc_hpddm_levels_1_eps_nev value: 20
Option left: name:-pc_hpddm_levels_1_st_share_sub_ksp (no value)
Option left: name:-pc_hpddm_levels_1_sub_pc_type value: cholesky
Option left: name:-pc_hypre_boomeramg_print_statistics value: 1
Option left: name:-sub_pc_type value: cholesky
