  0 KSP Residual norm 8.279698482740e+01 
  1 KSP Residual norm 4.065569312086e+00 
  2 KSP Residual norm 1.165311632988e+00 
  3 KSP Residual norm 5.520596513914e-01 
  4 KSP Residual norm 1.172294418359e-01 
  5 KSP Residual norm 4.033203842308e-02 
  6 KSP Residual norm 1.582520107677e-02 
  7 KSP Residual norm 7.543579152683e-03 
  8 KSP Residual norm 1.892893259100e-03 
  9 KSP Residual norm 5.098805256732e-04 
 10 KSP Residual norm 1.135567844071e-04 
 11 KSP Residual norm 3.652242744326e-05 
 12 KSP Residual norm 8.279969880940e-06 
 13 KSP Residual norm 2.391625656356e-06 
 14 KSP Residual norm 9.573889596060e-07 
 15 KSP Residual norm 3.072045692561e-07 
Linear solve converged due to CONVERGED_RTOL iterations 15
KSP Object: 4 MPI processes
  type: gmres
    restart=100, using Classical (unmodified) Gram-Schmidt Orthogonalization with no iterative refinement
    happy breakdown tolerance 1e-30
  maximum iterations=1000, initial guess is zero
  tolerances:  relative=1e-08, absolute=1e-50, divergence=10000.
  right preconditioning
  using UNPRECONDITIONED norm type for convergence test
PC Object: 4 MPI processes
  type: asm
    total subdomain blocks = 4, amount of overlap = 1
    restriction/interpolation type - RESTRICT
    Local solver information for first block is in the following KSP and PC objects on rank 0:
    Use -ksp_view ::ascii_info_detail to display information for all blocks
  KSP Object: (sub_) 1 MPI process
    type: preonly
    maximum iterations=10000, initial guess is zero
    tolerances:  relative=1e-05, absolute=1e-50, divergence=10000.
    left preconditioning
    using NONE norm type for convergence test
  PC Object: (sub_) 1 MPI process
    type: cholesky
      out-of-place factorization
      tolerance for zero pivot 2.22045e-14
      matrix ordering: nd
      factor fill ratio given 5., needed 8.49166
        Factored matrix follows:
          Mat Object: (sub_) 1 MPI process
            type: seqsbaij
            rows=2631, cols=2631
            package used to perform factorization: petsc
            total: nonzeros=146651, allocated nonzeros=146651
                block size is 1
    linear system matrix = precond matrix:
    Mat Object: (sub_) 1 MPI process
      type: seqaij
      rows=2631, cols=2631
      total: nonzeros=31909, allocated nonzeros=31909
      total number of mallocs used during MatSetValues calls=0
        not using I-node routines
  linear system matrix followed by preconditioner matrix:
  Mat Object: 4 MPI processes
    type: normal
    rows=9393, cols=9393
  Mat Object: 4 MPI processes
    type: mpiaij
    rows=9393, cols=9393
    total: nonzeros=117117, allocated nonzeros=117117
    total number of mallocs used during MatSetValues calls=0
      not using I-node (on process 0) routines
||A^T(Ax-b)|| / ||Ax-b|| = 0.000000 / 273.830677 = 0.000000
WARNING! There are options you set that were not used!
WARNING! could be spelling mistake, etc!
There are 9 unused database options. They are:
Option left: name:-mg_coarse_pc_type value: redundant
Option left: name:-mg_coarse_redundant_pc_type value: cholesky
Option left: name:-mg_levels_pc_type value: sor
Option left: name:-pc_hpddm_coarse_pc_type value: cholesky
Option left: name:-pc_hpddm_define_subdomains (no value)
Option left: name:-pc_hpddm_levels_1_eps_nev value: 20
Option left: name:-pc_hpddm_levels_1_st_share_sub_ksp (no value)
Option left: name:-pc_hpddm_levels_1_sub_pc_type value: cholesky
Option left: name:-pc_hypre_boomeramg_print_statistics value: 1
