  0 KSP Residual norm 3.445841955799e+04
  1 KSP Residual norm 1.311634499687e+02
  2 KSP Residual norm 3.115647932696e+01
  3 KSP Residual norm 2.029264535383e+01
  4 KSP Residual norm 1.299912896120e+01
  5 KSP Residual norm 8.652002917559e+00
  6 KSP Residual norm 5.072787176514e+00
  7 KSP Residual norm 4.944343936047e+00
  8 KSP Residual norm 4.888450327041e+00
  9 KSP Residual norm 4.104078708065e+00
 10 KSP Residual norm 3.960537634208e+00
 11 KSP Residual norm 2.055718367668e+00
 12 KSP Residual norm 1.420337037839e+00
 13 KSP Residual norm 8.114598623810e-01
 14 KSP Residual norm 6.852811296867e-01
 15 KSP Residual norm 5.796455359707e-01
 16 KSP Residual norm 4.414964922746e-01
 17 KSP Residual norm 3.447358230500e-01
 18 KSP Residual norm 2.760847007239e-01
 19 KSP Residual norm 1.220107653235e-01
 20 KSP Residual norm 1.101297592934e-01
 21 KSP Residual norm 9.778762904689e-02
 22 KSP Residual norm 8.455000739245e-02
 23 KSP Residual norm 7.183725512807e-02
 24 KSP Residual norm 6.942411302144e-02
 25 KSP Residual norm 5.255307812150e-02
 26 KSP Residual norm 2.343809625215e-02
 27 KSP Residual norm 1.565493825777e-02
 28 KSP Residual norm 1.045713962562e-02
 29 KSP Residual norm 8.441091695390e-03
 30 KSP Residual norm 6.864422105318e-03
 31 KSP Residual norm 2.748923944320e-03
 32 KSP Residual norm 1.616202230526e-03
 33 KSP Residual norm 1.494235372056e-03
 34 KSP Residual norm 1.415081585344e-03
 35 KSP Residual norm 1.232439551840e-03
 36 KSP Residual norm 8.245832553979e-04
 37 KSP Residual norm 7.022995049224e-04
 38 KSP Residual norm 6.183310006952e-04
 39 KSP Residual norm 5.368531037724e-04
 40 KSP Residual norm 4.785494275421e-04
 41 KSP Residual norm 4.336000218946e-04
 42 KSP Residual norm 3.981970493704e-04
 43 KSP Residual norm 3.703471671608e-04
 44 KSP Residual norm 3.475432970440e-04
 45 KSP Residual norm 3.285113160769e-04
  Linear solve converged due to CONVERGED_RTOL iterations 45
KSP Object: 4 MPI processes
  type: gmres
    restart=100, using Classical (unmodified) Gram-Schmidt Orthogonalization with no iterative refinement
    happy breakdown tolerance 1e-30
  maximum iterations=1000, initial guess is zero
  tolerances: relative=1e-08, absolute=1e-50, divergence=10000.
  right preconditioning
  using UNPRECONDITIONED norm type for convergence test
PC Object: 4 MPI processes
  type: asm
    total subdomain blocks = 4, amount of overlap = 1
    restriction/interpolation type - RESTRICT
    Local solver information for first block is in the following KSP and PC objects on rank 0:
    Use -ksp_view ::ascii_info_detail to display information for all blocks
    KSP Object: (sub_) 1 MPI process
      type: preonly
      maximum iterations=10000, initial guess is zero
      tolerances: relative=1e-05, absolute=1e-50, divergence=10000.
      left preconditioning
      using NONE norm type for convergence test
    PC Object: (sub_) 1 MPI process
      type: cholesky
        out-of-place factorization
        tolerance for zero pivot 2.22045e-14
        matrix ordering: nd
        factor fill ratio given 5., needed 3.37836
          Factored matrix follows:
            Mat Object: (sub_) 1 MPI process
              type: seqsbaij
              rows=4176, cols=4176
              package used to perform factorization: petsc
              total: nonzeros=101246, allocated nonzeros=101246
                  block size is 1
      linear system matrix = precond matrix:
      Mat Object: (sub_) 1 MPI process
        type: seqaij
        rows=4176, cols=4176
        total: nonzeros=55762, allocated nonzeros=55762
        total number of mallocs used during MatSetValues calls=0
          not using I-node routines
  linear system matrix followed by preconditioner matrix:
  Mat Object: 4 MPI processes
    type: normal
    rows=16675, cols=16675
  Mat Object: 4 MPI processes
    type: mpiaij
    rows=16675, cols=16675
    total: nonzeros=223395, allocated nonzeros=223395
    total number of mallocs used during MatSetValues calls=0
      not using I-node (on process 0) routines
||A^T(Ax-b)|| / ||Ax-b|| = 0.000735 / 40.197138 = 0.000018
WARNING! There are options you set that were not used!
WARNING! could be spelling mistake, etc!
There are 9 unused database options. They are:
Option left: name:-mg_coarse_pc_type value: redundant source: file
Option left: name:-mg_coarse_redundant_pc_type value: cholesky source: file
Option left: name:-mg_levels_pc_type value: sor source: file
Option left: name:-pc_hpddm_coarse_pc_type value: cholesky source: file
Option left: name:-pc_hpddm_define_subdomains (no value) source: file
Option left: name:-pc_hpddm_levels_1_eps_nev value: 20 source: file
Option left: name:-pc_hpddm_levels_1_st_share_sub_ksp (no value) source: file
Option left: name:-pc_hpddm_levels_1_sub_pc_type value: cholesky source: file
Option left: name:-pc_hypre_boomeramg_print_statistics value: 1 source: file
