  0 KSP Residual norm 3.445841955799e+04 
  1 KSP Residual norm 9.882967944423e+01 
  2 KSP Residual norm 2.394181689490e+01 
  3 KSP Residual norm 1.793752820981e+01 
  4 KSP Residual norm 1.374027847458e+01 
  5 KSP Residual norm 4.960251279160e+00 
  6 KSP Residual norm 4.237467141877e+00 
  7 KSP Residual norm 5.016577535353e-01 
  8 KSP Residual norm 1.404013910257e-01 
  9 KSP Residual norm 6.110215708289e-02 
 10 KSP Residual norm 1.523457016341e-02 
 11 KSP Residual norm 7.404584428430e-03 
 12 KSP Residual norm 3.096433724368e-03 
 13 KSP Residual norm 1.968302557833e-04 
Linear solve converged due to CONVERGED_RTOL iterations 13
KSP Object: 4 MPI processes
  type: gmres
    restart=100, using Classical (unmodified) Gram-Schmidt Orthogonalization with no iterative refinement
    happy breakdown tolerance 1e-30
  maximum iterations=1000, initial guess is zero
  tolerances: relative=1e-08, absolute=1e-50, divergence=10000.
  right preconditioning
  using UNPRECONDITIONED norm type for convergence test
PC Object: 4 MPI processes
  type: hpddm
  levels: 2
  Neumann matrix attached? TRUE
  shared subdomain KSP between SLEPc and PETSc? TRUE
  coarse correction: DEFLATED
  on process #0, value (+ threshold if available) for selecting deflation vectors: 20
  grid and operator complexities: 1.0048 1.01791
  KSP Object: (pc_hpddm_levels_1_) 4 MPI processes
    type: preonly
    maximum iterations=10000, initial guess is zero
    tolerances: relative=1e-05, absolute=1e-50, divergence=10000.
    left preconditioning
    using NONE norm type for convergence test
  PC Object: (pc_hpddm_levels_1_) 4 MPI processes
    type: shell
      no name
    linear system matrix followed by preconditioner matrix:
    Mat Object: 4 MPI processes
      type: normal
      rows=16675, cols=16675
    Mat Object: 4 MPI processes
      type: mpiaij
      rows=16675, cols=16675
      total: nonzeros=223395, allocated nonzeros=223395
      total number of mallocs used during MatSetValues calls=0
        not using I-node (on process 0) routines
  PC Object: (pc_hpddm_levels_1_) 4 MPI processes
    type: asm
      total subdomain blocks = 4, user-defined overlap
      restriction/interpolation type - RESTRICT
      Local solver information for first block is in the following KSP and PC objects on rank 0:
      Use -pc_hpddm_levels_1_ksp_view ::ascii_info_detail to display information for all blocks
      KSP Object: (pc_hpddm_levels_1_sub_) 1 MPI process
        type: preonly
        maximum iterations=10000, initial guess is zero
        tolerances: relative=1e-05, absolute=1e-50, divergence=10000.
        left preconditioning
        using NONE norm type for convergence test
      PC Object: (pc_hpddm_levels_1_sub_) 1 MPI process
        type: cholesky
          out-of-place factorization
          tolerance for zero pivot 2.22045e-14
          matrix ordering: nd
          factor fill ratio given 5., needed 3.37836
            Factored matrix follows:
              Mat Object: (pc_hpddm_levels_1_sub_) 1 MPI process
                type: seqsbaij
                rows=4176, cols=4176
                package used to perform factorization: petsc
                total: nonzeros=101246, allocated nonzeros=101246
                    block size is 1
        linear system matrix = precond matrix:
        Mat Object: (pc_hpddm_levels_1_sub_) 1 MPI process
          type: seqaij
          rows=4176, cols=4176
          total: nonzeros=55762, allocated nonzeros=55762
          total number of mallocs used during MatSetValues calls=0
            not using I-node routines
    linear system matrix followed by preconditioner matrix:
    Mat Object: 4 MPI processes
      type: normal
      rows=16675, cols=16675
    Mat Object: 4 MPI processes
      type: mpiaij
      rows=16675, cols=16675
      total: nonzeros=223395, allocated nonzeros=223395
      total number of mallocs used during MatSetValues calls=0
        not using I-node (on process 0) routines
    KSP Object: (pc_hpddm_coarse_) 1 MPI process
      type: preonly
      maximum iterations=10000, initial guess is zero
      tolerances: relative=1e-05, absolute=1e-50, divergence=10000.
      left preconditioning
      using NONE norm type for convergence test
    PC Object: (pc_hpddm_coarse_) 1 MPI process
      type: cholesky
        out-of-place factorization
        tolerance for zero pivot 2.22045e-14
        matrix ordering: natural
        factor fill ratio given 5., needed 1.1
          Factored matrix follows:
            Mat Object: (pc_hpddm_coarse_) 1 MPI process
              type: seqsbaij
              rows=80, cols=80, bs=20
              package used to perform factorization: petsc
              total: nonzeros=4400, allocated nonzeros=4400
                  block size is 20
      linear system matrix = precond matrix:
      Mat Object: (pc_hpddm_coarse_) 1 MPI process
        type: seqsbaij
        rows=80, cols=80, bs=20
        total: nonzeros=4000, allocated nonzeros=4000
        total number of mallocs used during MatSetValues calls=0
            block size is 20
  linear system matrix followed by preconditioner matrix:
  Mat Object: 4 MPI processes
    type: normal
    rows=16675, cols=16675
  Mat Object: 4 MPI processes
    type: mpiaij
    rows=16675, cols=16675
    total: nonzeros=223395, allocated nonzeros=223395
    total number of mallocs used during MatSetValues calls=0
      not using I-node (on process 0) routines
||A^T(Ax-b)|| / ||Ax-b|| = 0.000197 / 40.197137 = 0.000005
WARNING! There are options you set that were not used!
WARNING! could be spelling mistake, etc!
There are 5 unused database options. They are:
Option left: name:-mg_coarse_pc_type value: redundant source: file
Option left: name:-mg_coarse_redundant_pc_type value: cholesky source: file
Option left: name:-mg_levels_pc_type value: sor source: file
Option left: name:-pc_hypre_boomeramg_print_statistics value: 1 source: file
Option left: name:-sub_pc_type value: cholesky source: file
