  0 KSP resid norm 2.793108625211e+02
  1 KSP resid norm 2.740016226884e+02 normal eq resid norm 6.842403230144e+00 matrix norm 1.436464461053e+02
  2 KSP resid norm 2.738742271479e+02 normal eq resid norm 2.221975556762e+00 matrix norm 1.436464461053e+02
  3 KSP resid norm 2.738439035641e+02 normal eq resid norm 1.426984698352e+00 matrix norm 1.436464461053e+02
  4 KSP resid norm 2.738360529732e+02 normal eq resid norm 8.357754717810e-01 matrix norm 1.436464461053e+02
  5 KSP resid norm 2.738325646882e+02 normal eq resid norm 4.694711725398e-01 matrix norm 1.436464461053e+02
  6 KSP resid norm 2.738314738254e+02 normal eq resid norm 3.117658158429e-01 matrix norm 1.436464461053e+02
  7 KSP resid norm 2.738310353082e+02 normal eq resid norm 1.890294092937e-01 matrix norm 1.436464461053e+02
  8 KSP resid norm 2.738308434082e+02 normal eq resid norm 1.202678132259e-01 matrix norm 1.436464461053e+02
  9 KSP resid norm 2.738307731858e+02 normal eq resid norm 8.763748269026e-02 matrix norm 1.436464461053e+02
 10 KSP resid norm 2.738307297876e+02 normal eq resid norm 6.328593122982e-02 matrix norm 1.436464461053e+02
 11 KSP resid norm 2.738307061212e+02 normal eq resid norm 4.845335401708e-02 matrix norm 1.436464461053e+02
 12 KSP resid norm 2.738306947490e+02 normal eq resid norm 3.372023216992e-02 matrix norm 1.436464461053e+02
 13 KSP resid norm 2.738306877994e+02 normal eq resid norm 2.627168409132e-02 matrix norm 1.436464461053e+02
 14 KSP resid norm 2.738306837898e+02 normal eq resid norm 2.185006600277e-02 matrix norm 1.436464461053e+02
 15 KSP resid norm 2.738306807607e+02 normal eq resid norm 1.816243703766e-02 matrix norm 1.436464461053e+02
 16 KSP resid norm 2.738306788581e+02 normal eq resid norm 1.333051601762e-02 matrix norm 1.436464461053e+02
 17 KSP resid norm 2.738306779391e+02 normal eq resid norm 9.108429986935e-03 matrix norm 1.436464461053e+02
 18 KSP resid norm 2.738306775436e+02 normal eq resid norm 5.451192677491e-03 matrix norm 1.436464461053e+02
 19 KSP resid norm 2.738306774000e+02 normal eq resid norm 3.515872750815e-03 matrix norm 1.436464461053e+02
 20 KSP resid norm 2.738306773370e+02 normal eq resid norm 2.409059518829e-03 matrix norm 1.436464461053e+02
 21 KSP resid norm 2.738306773071e+02 normal eq resid norm 1.575423481012e-03 matrix norm 1.436464461053e+02
 22 KSP resid norm 2.738306772944e+02 normal eq resid norm 1.079548559194e-03 matrix norm 1.436464461053e+02
 23 KSP resid norm 2.738306772881e+02 normal eq resid norm 8.325498225221e-04 matrix norm 1.436464461053e+02
 24 KSP resid norm 2.738306772837e+02 normal eq resid norm 7.175103318665e-04 matrix norm 1.436464461053e+02
 25 KSP resid norm 2.738306772803e+02 normal eq resid norm 6.474134530380e-04 matrix norm 1.436464461053e+02
 26 KSP resid norm 2.738306772779e+02 normal eq resid norm 5.187987568679e-04 matrix norm 1.436464461053e+02
 27 KSP resid norm 2.738306772760e+02 normal eq resid norm 4.607469912288e-04 matrix norm 1.436464461053e+02
 28 KSP resid norm 2.738306772748e+02 normal eq resid norm 3.594568401645e-04 matrix norm 1.436464461053e+02
 29 KSP resid norm 2.738306772740e+02 normal eq resid norm 2.870368822100e-04 matrix norm 1.436464461053e+02
 30 KSP resid norm 2.738306772736e+02 normal eq resid norm 1.935162569910e-04 matrix norm 1.436464461053e+02
 31 KSP resid norm 2.738306772734e+02 normal eq resid norm 1.079648991055e-04 matrix norm 1.436464461053e+02
 32 KSP resid norm 2.738306772734e+02 normal eq resid norm 5.556838144739e-05 matrix norm 1.436464461053e+02
 33 KSP resid norm 2.738306772734e+02 normal eq resid norm 3.498042572223e-05 matrix norm 1.436464461053e+02
 34 KSP resid norm 2.738306772734e+02 normal eq resid norm 2.394848013717e-05 matrix norm 1.436464461053e+02
 35 KSP resid norm 2.738306772734e+02 normal eq resid norm 1.734595776839e-05 matrix norm 1.436464461053e+02
 36 KSP resid norm 2.738306772734e+02 normal eq resid norm 1.072069157015e-05 matrix norm 1.436464461053e+02
 37 KSP resid norm 2.738306772734e+02 normal eq resid norm 6.150923322753e-06 matrix norm 1.436464461053e+02
 38 KSP resid norm 2.738306772734e+02 normal eq resid norm 3.394780519929e-06 matrix norm 1.436464461053e+02
 39 KSP resid norm 2.738306772734e+02 normal eq resid norm 1.996531544043e-06 matrix norm 1.436464461053e+02
Linear solve converged due to CONVERGED_RTOL_NORMAL iterations 39
KSP Object: 4 MPI processes
  type: lsqr
    standard error not computed
    using exact matrix norm
  maximum iterations=1000, initial guess is zero
  tolerances: relative=1e-08, absolute=1e-50, divergence=10000.
  left preconditioning
  using UNPRECONDITIONED norm type for convergence test
PC Object: 4 MPI processes
  type: gamg
    type is MULTIPLICATIVE, levels=4 cycles=v
      Cycles per PCApply=1
      Using externally compute Galerkin coarse grid matrices
      GAMG specific options
        Threshold for dropping small values in graph on each level =   -1.   -1.   -1.   -1.  
        Threshold scaling factor for each level not specified = 1.
        AGG specific options
          Number of levels of aggressive coarsening 1
          Square graph aggressive coarsening
          MatCoarsen Object: 4 MPI processes
            type: misk
          Number smoothing steps to construct prolongation 1
        Complexity:    grid = 1.05366    operator = 1.07533
        Per-level complexity: op = operator, int = interpolation
            #equations  | #active PEs | avg nnz/row op | avg nnz/row int
                  4            1              4                0
                 51            1             26                4
                449            4             17                5
               9393            4             13                3
  Coarse grid solver -- level 0 -------------------------------
    KSP Object: (mg_coarse_) 4 MPI processes
      type: preonly
      maximum iterations=10000, initial guess is zero
      tolerances: relative=1e-05, absolute=1e-50, divergence=10000.
      left preconditioning
      using NONE norm type for convergence test
    PC Object: (mg_coarse_) 4 MPI processes
      type: redundant
        First (color=0) of 4 PCs follows
        KSP Object: (mg_coarse_redundant_) 1 MPI process
          type: preonly
          maximum iterations=10000, initial guess is zero
          tolerances: relative=1e-05, absolute=1e-50, divergence=10000.
          left preconditioning
          using NONE norm type for convergence test
        PC Object: (mg_coarse_redundant_) 1 MPI process
          type: cholesky
            out-of-place factorization
            tolerance for zero pivot 2.22045e-14
            matrix ordering: nd
            factor fill ratio given 5., needed 1.
              Factored matrix follows:
                Mat Object: (mg_coarse_redundant_) 1 MPI process
                  type: seqsbaij
                  rows=4, cols=4
                  package used to perform factorization: petsc
                  total: nonzeros=10, allocated nonzeros=10
                      block size is 1
          linear system matrix = precond matrix:
          Mat Object: 1 MPI process
            type: seqaij
            rows=4, cols=4
            total: nonzeros=16, allocated nonzeros=16
            total number of mallocs used during MatSetValues calls=0
              using I-node routines: found 1 nodes, limit used is 5
      linear system matrix = precond matrix:
      Mat Object: 4 MPI processes
        type: mpiaij
        rows=4, cols=4
        total: nonzeros=16, allocated nonzeros=16
        total number of mallocs used during MatSetValues calls=0
          using nonscalable MatPtAP() implementation
          using I-node (on process 0) routines: found 1 nodes, limit used is 5
  Down solver (pre-smoother) on level 1 -------------------------------
    KSP Object: (mg_levels_1_) 4 MPI processes
      type: chebyshev
        Chebyshev polynomial of first kind
        eigenvalue targets used: min 0.0999903, max 1.09989
        eigenvalues estimated via gmres: min 0.121506, max 0.999903
        eigenvalues estimated using gmres with transform: [0. 0.1; 0. 1.1]
        KSP Object: (mg_levels_1_esteig_) 4 MPI processes
          type: gmres
            restart=30, using Classical (unmodified) Gram-Schmidt Orthogonalization with no iterative refinement
            happy breakdown tolerance 1e-30
          maximum iterations=10, initial guess is zero
          tolerances: relative=1e-12, absolute=1e-50, divergence=10000.
          left preconditioning
          using PRECONDITIONED norm type for convergence test
        estimating eigenvalues using a noisy random number generated right-hand side
      maximum iterations=2, nonzero initial guess
      tolerances: relative=1e-05, absolute=1e-50, divergence=10000.
      left preconditioning
      using NONE norm type for convergence test
    PC Object: (mg_levels_1_) 4 MPI processes
      type: sor
        type = local_symmetric, iterations = 1, local iterations = 1, omega = 1.
      linear system matrix = precond matrix:
      Mat Object: 4 MPI processes
        type: mpiaij
        rows=51, cols=51
        total: nonzeros=1289, allocated nonzeros=1289
        total number of mallocs used during MatSetValues calls=0
          using nonscalable MatPtAP() implementation
          not using I-node (on process 0) routines
  Up solver (post-smoother) same as down solver (pre-smoother)
  Down solver (pre-smoother) on level 2 -------------------------------
    KSP Object: (mg_levels_2_) 4 MPI processes
      type: chebyshev
        Chebyshev polynomial of first kind
        eigenvalue targets used: min 0.135508, max 1.49059
        eigenvalues estimated via gmres: min 0.0254883, max 1.35508
        eigenvalues estimated using gmres with transform: [0. 0.1; 0. 1.1]
        KSP Object: (mg_levels_2_esteig_) 4 MPI processes
          type: gmres
            restart=30, using Classical (unmodified) Gram-Schmidt Orthogonalization with no iterative refinement
            happy breakdown tolerance 1e-30
          maximum iterations=10, initial guess is zero
          tolerances: relative=1e-12, absolute=1e-50, divergence=10000.
          left preconditioning
          using PRECONDITIONED norm type for convergence test
        estimating eigenvalues using a noisy random number generated right-hand side
      maximum iterations=2, nonzero initial guess
      tolerances: relative=1e-05, absolute=1e-50, divergence=10000.
      left preconditioning
      using NONE norm type for convergence test
    PC Object: (mg_levels_2_) 4 MPI processes
      type: sor
        type = local_symmetric, iterations = 1, local iterations = 1, omega = 1.
      linear system matrix = precond matrix:
      Mat Object: 4 MPI processes
        type: mpiaij
        rows=449, cols=449
        total: nonzeros=7517, allocated nonzeros=7517
        total number of mallocs used during MatSetValues calls=0
          using nonscalable MatPtAP() implementation
          not using I-node (on process 0) routines
  Up solver (post-smoother) same as down solver (pre-smoother)
  Down solver (pre-smoother) on level 3 -------------------------------
    KSP Object: (mg_levels_3_) 4 MPI processes
      type: chebyshev
        Chebyshev polynomial of first kind
        eigenvalue targets used: min 0.164944, max 1.81438
        eigenvalues estimated via gmres: min 0.0215991, max 1.64944
        eigenvalues estimated using gmres with transform: [0. 0.1; 0. 1.1]
        KSP Object: (mg_levels_3_esteig_) 4 MPI processes
          type: gmres
            restart=30, using Classical (unmodified) Gram-Schmidt Orthogonalization with no iterative refinement
            happy breakdown tolerance 1e-30
          maximum iterations=10, initial guess is zero
          tolerances: relative=1e-12, absolute=1e-50, divergence=10000.
          left preconditioning
          using PRECONDITIONED norm type for convergence test
        estimating eigenvalues using a noisy random number generated right-hand side
      maximum iterations=2, nonzero initial guess
      tolerances: relative=1e-05, absolute=1e-50, divergence=10000.
      left preconditioning
      using NONE norm type for convergence test
    PC Object: (mg_levels_3_) 4 MPI processes
      type: sor
        type = local_symmetric, iterations = 1, local iterations = 1, omega = 1.
      linear system matrix = precond matrix:
      Mat Object: 4 MPI processes
        type: mpiaij
        rows=9393, cols=9393
        total: nonzeros=117117, allocated nonzeros=117117
        total number of mallocs used during MatSetValues calls=0
          not using I-node (on process 0) routines
  Up solver (post-smoother) same as down solver (pre-smoother)
  linear system matrix followed by preconditioner matrix:
  Mat Object: 4 MPI processes
    type: mpiaij
    rows=234023, cols=9393
    total: nonzeros=853829, allocated nonzeros=853829
    total number of mallocs used during MatSetValues calls=0
      using I-node (on process 0) routines: found 14805 nodes, limit used is 5
  Mat Object: 4 MPI processes
    type: mpiaij
    rows=9393, cols=9393
    total: nonzeros=117117, allocated nonzeros=117117
    total number of mallocs used during MatSetValues calls=0
      not using I-node (on process 0) routines
||A^T(Ax-b)|| / ||Ax-b|| = 0.000002 / 273.830677 = 0.000000
WARNING! There are options you set that were not used!
WARNING! could be spelling mistake, etc!
There are 9 unused database options. They are:
Option left: name:-pc_asm_type value: basic source: file
Option left: name:-pc_hpddm_coarse_pc_type value: cholesky source: file
Option left: name:-pc_hpddm_define_subdomains (no value) source: file
Option left: name:-pc_hpddm_levels_1_eps_nev value: 20 source: file
Option left: name:-pc_hpddm_levels_1_pc_asm_type value: basic source: file
Option left: name:-pc_hpddm_levels_1_st_share_sub_ksp (no value) source: file
Option left: name:-pc_hpddm_levels_1_sub_pc_type value: cholesky source: file
Option left: name:-pc_hypre_boomeramg_print_statistics value: 1 source: file
Option left: name:-sub_pc_type value: cholesky source: file
