

 Num MPI tasks = 4

 Num OpenMP threads = 1


BoomerAMG SETUP PARAMETERS:

 Max levels = 25
 Num levels = 8

 Strength Threshold = 0.250000
 Interpolation Truncation Factor = 0.000000
 Maximum Row Sum Threshold for Dependency Weakening = 0.900000

 Coarsening Type = Falgout-CLJP 
 measures are determined locally


 No global partition option chosen.

 Interpolation = modified classical interpolation

Operator Matrix Information:

             nonzero            entries/row          row sums
lev    rows  entries sparse   min  max     avg      min         max
======================================================================
  0    9393   117117  0.001     7   23    12.5   2.558e-07   8.000e+00
  1    4906    96830  0.004     7   30    19.7  -7.774e-01   9.491e+00
  2    1841    33027  0.010     1   37    17.9  -8.043e-01   5.116e+00
  3     590     9594  0.028     1   40    16.3  -9.710e-01   3.747e+00
  4     202     2772  0.068     1   31    13.7  -9.542e-01   1.927e+00
  5      66      594  0.136     1   18     9.0  -9.015e-01   1.927e+00
  6      23      131  0.248     1   10     5.7   7.211e-02   1.447e+00
  7       8       34  0.531     1    6     4.2   8.723e-02   8.469e-01


Interpolation Matrix Information:
                    entries/row        min        max            row sums
lev  rows x cols  min  max  avgW     weight      weight       min         max
================================================================================
  0  9393 x 4906    0    6   3.0   1.168e-02   1.000e+00   0.000e+00   1.038e+00
  1  4906 x 1841    0    6   1.4   1.342e-02   1.194e+00   0.000e+00   1.357e+00
  2  1841 x 590     0    6   1.2   1.551e-02   1.273e+00   0.000e+00   1.273e+00
  3   590 x 202     0    5   1.3   2.617e-02   1.076e+00   0.000e+00   1.093e+00
  4   202 x 66      0    4   1.3   3.940e-02   1.001e+00   0.000e+00   1.032e+00
  5    66 x 23      0    3   1.0   5.544e-02   9.505e-01   0.000e+00   1.001e+00
  6    23 x 8       0    3   0.9   1.640e-02   5.431e-01   0.000e+00   1.000e+00


     Complexity:    grid = 1.812946
                operator = 2.220848
                memory = 2.458541




BoomerAMG SOLVER PARAMETERS:

  Maximum number of cycles:         1 
  Stopping Tolerance:               0.000000e+00 
  Cycle type (1 = V, 2 = W, etc.):  1

  Relaxation Parameters:
   Visiting Grid:                     down   up  coarse
            Number of sweeps:            1    1     1 
   Type 0=Jac, 3=hGS, 6=hSGS, 9=GE:      6    6     9 
   Point types, partial sweeps (1=C, -1=F):
                  Pre-CG relaxation (down):   1  -1
                   Post-CG relaxation (up):  -1   1
                             Coarsest grid:   0

  0 KSP Residual norm 8.279698482740e+01 
  1 KSP Residual norm 1.059102796595e+00 
  2 KSP Residual norm 4.590428793287e-01 
  3 KSP Residual norm 3.843846001116e-01 
  4 KSP Residual norm 3.640677242750e-01 
  5 KSP Residual norm 3.305066212802e-01 
  6 KSP Residual norm 2.506217027383e-01 
  7 KSP Residual norm 7.335692749326e-02 
  8 KSP Residual norm 2.487241651248e-02 
  9 KSP Residual norm 1.262614989109e-02 
 10 KSP Residual norm 4.749458191335e-03 
 11 KSP Residual norm 1.485836495095e-03 
 12 KSP Residual norm 4.139533251533e-04 
 13 KSP Residual norm 9.812185925979e-05 
 14 KSP Residual norm 2.648538467082e-05 
 15 KSP Residual norm 6.449648076952e-06 
 16 KSP Residual norm 1.401073131829e-06 
 17 KSP Residual norm 3.678792356772e-07 
Linear solve converged due to CONVERGED_RTOL iterations 17
KSP Object: 4 MPI processes
  type: gmres
    restart=100, using Classical (unmodified) Gram-Schmidt Orthogonalization with no iterative refinement
    happy breakdown tolerance 1e-30
  maximum iterations=1000, initial guess is zero
  tolerances:  relative=1e-08, absolute=1e-50, divergence=10000.
  right preconditioning
  using UNPRECONDITIONED norm type for convergence test
PC Object: 4 MPI processes
  type: hypre
    HYPRE BoomerAMG preconditioning
      Cycle type V
      Maximum number of levels 25
      Maximum number of iterations PER hypre call 1
      Convergence tolerance PER hypre call 0.
      Threshold for strong coupling 0.25
      Interpolation truncation factor 0.
      Interpolation: max elements per row 0
      Number of levels of aggressive coarsening 0
      Number of paths for aggressive coarsening 1
      Maximum row sums 0.9
      Sweeps down         1
      Sweeps up           1
      Sweeps on coarse    1
      Relax down          symmetric-SOR/Jacobi
      Relax up            symmetric-SOR/Jacobi
      Relax on coarse     Gaussian-elimination
      Relax weight  (all)      1.
      Outer relax weight (all) 1.
      Using CF-relaxation
      Not using more complex smoothers.
      Measure type        local
      Coarsen type        Falgout
      Interpolation type  classical
  linear system matrix followed by preconditioner matrix:
  Mat Object: 4 MPI processes
    type: normal
    rows=9393, cols=9393
  Mat Object: 4 MPI processes
    type: mpiaij
    rows=9393, cols=9393
    total: nonzeros=117117, allocated nonzeros=117117
    total number of mallocs used during MatSetValues calls=0
      not using I-node (on process 0) routines
||A^T(Ax-b)|| / ||Ax-b|| = 3.678793231051008e-07 / 273.83067727335225 = 1.343455476823235e-09
WARNING! There are options you set that were not used!
WARNING! could be spelling mistake, etc!
There are 8 unused database options. They are:
Option left: name:-mg_coarse_pc_type value: redundant
Option left: name:-mg_coarse_redundant_pc_type value: cholesky
Option left: name:-pc_hpddm_coarse_pc_type value: cholesky
Option left: name:-pc_hpddm_define_subdomains (no value)
Option left: name:-pc_hpddm_levels_1_eps_nev value: 20
Option left: name:-pc_hpddm_levels_1_st_share_sub_ksp (no value)
Option left: name:-pc_hpddm_levels_1_sub_pc_type value: cholesky
Option left: name:-sub_pc_type value: cholesky
